ZakerDemo/proguard/seeds.txt
com.google.gson.internal.bind.ArrayTypeAdapter
com.google.gson.internal.bind.ArrayTypeAdapter: com.google.gson.TypeAdapterFactory FACTORY
com.google.gson.internal.bind.ArrayTypeAdapter: java.lang.Class componentType
com.google.gson.internal.bind.ArrayTypeAdapter: com.google.gson.TypeAdapter componentTypeAdapter
com.google.gson.internal.bind.ArrayTypeAdapter: ArrayTypeAdapter(com.google.gson.Gson,com.google.gson.TypeAdapter,java.lang.Class)
com.google.gson.internal.bind.ArrayTypeAdapter: java.lang.Object read(com.google.gson.stream.JsonReader)
com.google.gson.internal.bind.ArrayTypeAdapter: void write(com.google.gson.stream.JsonWriter,java.lang.Object)
com.google.gson.internal.bind.ArrayTypeAdapter: void <clinit>()
com.google.gson.internal.bind.ArrayTypeAdapter$1
com.google.gson.internal.bind.ArrayTypeAdapter$1: ArrayTypeAdapter$1()
com.google.gson.internal.bind.ArrayTypeAdapter$1: com.google.gson.TypeAdapter create(com.google.gson.Gson,com.google.gson.reflect.TypeToken)
com.google.gson.internal.bind.CollectionTypeAdapterFactory
com.google.gson.internal.bind.CollectionTypeAdapterFactory: com.google.gson.internal.ConstructorConstructor constructorConstructor
com.google.gson.internal.bind.CollectionTypeAdapterFactory: CollectionTypeAdapterFactory(com.google.gson.internal.ConstructorConstructor)
com.google.gson.internal.bind.CollectionTypeAdapterFactory: com.google.gson.TypeAdapter create(com.google.gson.Gson,com.google.gson.reflect.TypeToken)
com.google.gson.internal.bind.CollectionTypeAdapterFactory$Adapter
com.google.gson.internal.bind.CollectionTypeAdapterFactory$Adapter: com.google.gson.TypeAdapter elementTypeAdapter
com.google.gson.internal.bind.CollectionTypeAdapterFactory$Adapter: com.google.gson.internal.ObjectConstructor constructor
com.google.gson.internal.bind.CollectionTypeAdapterFactory$Adapter: CollectionTypeAdapterFactory$Adapter(com.google.gson.Gson,java.lang.reflect.Type,com.google.gson.TypeAdapter,com.google.gson.internal.ObjectConstructor)
com.google.gson.internal.bind.CollectionTypeAdapterFactory$Adapter: java.util.Collection read(com.google.gson.stream.JsonReader)
com.google.gson.internal.bind.CollectionTypeAdapterFactory$Adapter: void write(com.google.gson.stream.JsonWriter,java.util.Collection)
com.google.gson.internal.bind.CollectionTypeAdapterFactory$Adapter: java.lang.Object read(com.google.gson.stream.JsonReader)
com.google.gson.internal.bind.CollectionTypeAdapterFactory$Adapter: void write(com.google.gson.stream.JsonWriter,java.lang.Object)
com.google.gson.internal.bind.DateTypeAdapter
com.google.gson.internal.bind.DateTypeAdapter: com.google.gson.TypeAdapterFactory FACTORY
com.google.gson.internal.bind.DateTypeAdapter: java.text.DateFormat enUsFormat
com.google.gson.internal.bind.DateTypeAdapter: java.text.DateFormat localFormat
com.google.gson.internal.bind.DateTypeAdapter: java.text.DateFormat iso8601Format
com.google.gson.internal.bind.DateTypeAdapter: DateTypeAdapter()
com.google.gson.internal.bind.DateTypeAdapter: java.text.DateFormat buildIso8601Format()
com.google.gson.internal.bind.DateTypeAdapter: java.util.Date read(com.google.gson.stream.JsonReader)
com.google.gson.internal.bind.DateTypeAdapter: java.util.Date deserializeToDate(java.lang.String)
com.google.gson.internal.bind.DateTypeAdapter: void write(com.google.gson.stream.JsonWriter,java.util.Date)
com.google.gson.internal.bind.DateTypeAdapter: java.lang.Object read(com.google.gson.stream.JsonReader)
com.google.gson.internal.bind.DateTypeAdapter: void write(com.google.gson.stream.JsonWriter,java.lang.Object)
com.google.gson.internal.bind.DateTypeAdapter: void <clinit>()
com.google.gson.internal.bind.DateTypeAdapter$1
com.google.gson.internal.bind.DateTypeAdapter$1: DateTypeAdapter$1()
com.google.gson.internal.bind.DateTypeAdapter$1: com.google.gson.TypeAdapter create(com.google.gson.Gson,com.google.gson.reflect.TypeToken)