ZakerDemo/proguard/mapping.txt
com.google.gson.internal.bind.TypeAdapters$27 -> com.google.gson.internal.bind.TypeAdapters$27:
    com.google.gson.reflect.TypeToken val$type -> val$type
    com.google.gson.TypeAdapter val$typeAdapter -> val$typeAdapter
    com.google.gson.TypeAdapter create(com.google.gson.Gson,com.google.gson.reflect.TypeToken) -> create
com.google.gson.internal.bind.TypeAdapters$28 -> com.google.gson.internal.bind.TypeAdapters$28:
    java.lang.Class val$type -> val$type
    com.google.gson.TypeAdapter val$typeAdapter -> val$typeAdapter
    com.google.gson.TypeAdapter create(com.google.gson.Gson,com.google.gson.reflect.TypeToken) -> create
    java.lang.String toString() -> toString
com.google.gson.internal.bind.TypeAdapters$29 -> com.google.gson.internal.bind.TypeAdapters$29:
    java.lang.Class val$unboxed -> val$unboxed
    java.lang.Class val$boxed -> val$boxed
    com.google.gson.TypeAdapter val$typeAdapter -> val$typeAdapter
    com.google.gson.TypeAdapter create(com.google.gson.Gson,com.google.gson.reflect.TypeToken) -> create
    java.lang.String toString() -> toString
com.google.gson.internal.bind.TypeAdapters$3 -> com.google.gson.internal.bind.TypeAdapters$3:
    java.lang.Boolean read(com.google.gson.stream.JsonReader) -> read
    void write(com.google.gson.stream.JsonWriter,java.lang.Boolean) -> write
    java.lang.Object read(com.google.gson.stream.JsonReader) -> read
    void write(com.google.gson.stream.JsonWriter,java.lang.Object) -> write
com.google.gson.internal.bind.TypeAdapters$30 -> com.google.gson.internal.bind.TypeAdapters$30:
    java.lang.Class val$base -> val$base
    java.lang.Class val$sub -> val$sub
    com.google.gson.TypeAdapter val$typeAdapter -> val$typeAdapter
    com.google.gson.TypeAdapter create(com.google.gson.Gson,com.google.gson.reflect.TypeToken) -> create
    java.lang.String toString() -> toString
com.google.gson.internal.bind.TypeAdapters$31 -> com.google.gson.internal.bind.TypeAdapters$31:
    java.lang.Class val$clazz -> val$clazz
    com.google.gson.TypeAdapter val$typeAdapter -> val$typeAdapter
    com.google.gson.TypeAdapter create(com.google.gson.Gson,com.google.gson.reflect.TypeToken) -> create
    java.lang.String toString() -> toString
com.google.gson.internal.bind.TypeAdapters$32 -> com.google.gson.internal.bind.TypeAdapters$32:
    int[] $SwitchMap$com$google$gson$stream$JsonToken -> $SwitchMap$com$google$gson$stream$JsonToken
com.google.gson.internal.bind.TypeAdapters$4 -> com.google.gson.internal.bind.TypeAdapters$4:
    java.lang.Boolean read(com.google.gson.stream.JsonReader) -> read
    void write(com.google.gson.stream.JsonWriter,java.lang.Boolean) -> write
    java.lang.Object read(com.google.gson.stream.JsonReader) -> read
    void write(com.google.gson.stream.JsonWriter,java.lang.Object) -> write
com.google.gson.internal.bind.TypeAdapters$5 -> com.google.gson.internal.bind.TypeAdapters$5:
    java.lang.Number read(com.google.gson.stream.JsonReader) -> read
    void write(com.google.gson.stream.JsonWriter,java.lang.Number) -> write
    java.lang.Object read(com.google.gson.stream.JsonReader) -> read
    void write(com.google.gson.stream.JsonWriter,java.lang.Object) -> write
com.google.gson.internal.bind.TypeAdapters$6 -> com.google.gson.internal.bind.TypeAdapters$6:
    java.lang.Number read(com.google.gson.stream.JsonReader) -> read
    void write(com.google.gson.stream.JsonWriter,java.lang.Number) -> write
    java.lang.Object read(com.google.gson.stream.JsonReader) -> read
    void write(com.google.gson.stream.JsonWriter,java.lang.Object) -> write
com.google.gson.internal.bind.TypeAdapters$7 -> com.google.gson.internal.bind.TypeAdapters$7:
    java.lang.Number read(com.google.gson.stream.JsonReader) -> read
    void write(com.google.gson.stream.JsonWriter,java.lang.Number) -> write
    java.lang.Object read(com.google.gson.stream.JsonReader) -> read
    void write(com.google.gson.stream.JsonWriter,java.lang.Object) -> write