ZakerDemo/proguard/usage.txt
com.siqi.geli.main.MyPagerAdapter:
    private android.view.ViewGroup$LayoutParams params
com.siqiao.sdk.common.other.util.AnimationManager:
    private static final int BARS_ANIMATION_DURATION
    private static final int ANIMATION_DURATION
com.siqiao.sdk.common.other.util.AnimationManager$AnimationManagerHolder:
    48:48:private AnimationManager$AnimationManagerHolder()
com.siqiao.sdk.pull_listview.ui.LoadingLayout:
    static final int DEFAULT_ROTATION_ANIMATION_DURATION
com.siqiao.sdk.pull_listview.ui.PullToRefreshBase:
    static final boolean DEBUG
    static final java.lang.String LOG_TAG
    static final float FRICTION
    static final int PULL_TO_REFRESH
    static final int RELEASE_TO_REFRESH
    static final int REFRESHING
    static final int MANUAL_REFRESHING
    static final java.lang.String STATE_STATE
    static final java.lang.String STATE_MODE
    static final java.lang.String STATE_CURRENT_MODE
    static final java.lang.String STATE_DISABLE_SCROLLING_REFRESHING
    static final java.lang.String STATE_SHOW_REFRESHING_VIEW
    static final java.lang.String STATE_SUPER
com.siqiao.sdk.pull_listview.ui.PullToRefreshBase$SmoothScrollRunnable:
    static final int ANIMATION_DURATION_MS
    static final int ANIMATION_FPS
mobile.http.Base64:
    private static final int BASELENGTH
    private static final int LOOKUPLENGTH
    private static final int TWENTYFOURBITGROUP
    private static final int EIGHTBIT
    private static final int SIXTEENBIT
    private static final int FOURBYTE
    private static final int SIGN
    private static final char PAD
    private static final boolean fDebug
mobile.http.DownloadAsyncTask:
    93:95:private void downloadSuccess()
mobile.http.MD5:
    static final int S11
    static final int S12
    static final int S13
    static final int S14
    static final int S21
    static final int S22
    static final int S23
    static final int S24
    static final int S31
    static final int S32
    static final int S33
    static final int S34
    static final int S41
    static final int S42
    static final int S43
    static final int S44
mobile.http.SyncHttpClient:
    private static final int CONNECTION_TIMEOUT
mobile.json.JSONWriter:
    private static final int maxdepth